{"level":"info","message":"Server started on undefined port.","service":"auth-service"}
{"level":"info","message":"Server started on undefined port.","service":"auth-service"}
{"level":"info","message":"Server started on undefined port.","service":"auth-service"}
{"level":"info","message":"Server started on undefined port.","service":"auth-service"}
{"level":"info","message":"Server started on undefined port.","service":"auth-service"}
{"level":"info","message":"Server started on undefined port.","service":"auth-service"}
{"level":"info","message":"Server started on undefined port.","service":"auth-service"}
{"level":"info","message":"applying middlewares","service":"auth-service"}
{"level":"info","message":"Server started on 3000 port.","service":"auth-service"}
{"level":"info","message":"applying middlewares","service":"auth-service"}
{"level":"info","message":"Server started on 3000 port.","service":"auth-service"}
{"level":"info","message":"applying middlewares","service":"auth-service","timestamp":"2021-11-29T18:10:39.517Z"}
{"level":"info","message":"Server started on 3000 port.","service":"auth-service","timestamp":"2021-11-29T18:10:39.525Z"}
{
  message: 'applying middlewares',
  level: 'info',
  service: 'auth-service',
  timestamp: '2021-11-29T18:11:29.646Z'
}
{
  message: 'Server started on 3000 port.',
  level: 'info',
  service: 'auth-service',
  timestamp: '2021-11-29T18:11:29.655Z'
}
 [LOGGER]  21-11-29 23:11:35  [32minfo[39m : [32mapplying middlewares[39m
 [LOGGER]  21-11-29 23:11:36  [32minfo[39m : [32mServer started on 3000 port.[39m
